[debug] [2024-02-24T12:46:39.221Z] ----------------------------------------------------------------------
[debug] [2024-02-24T12:46:39.226Z] Command:       C:\Program Files\nodejs\node.exe C:\Users\abdul\AppData\Roaming\npm\node_modules\firebase-tools\lib\bin\firebase.js init
[debug] [2024-02-24T12:46:39.227Z] CLI Version:   13.3.1
[debug] [2024-02-24T12:46:39.228Z] Platform:      win32
[debug] [2024-02-24T12:46:39.228Z] Node Version:  v21.2.0
[debug] [2024-02-24T12:46:39.228Z] Time:          Sat Feb 24 2024 18:46:39 GMT+0600 (Bangladesh Standard Time)
[debug] [2024-02-24T12:46:39.229Z] ----------------------------------------------------------------------
[debug] 
[debug] [2024-02-24T12:46:39.233Z] >>> [apiv2][query] GET https://firebase-public.firebaseio.com/cli.json [none]
[debug] [2024-02-24T12:46:39.320Z] > command requires scopes: ["email","openid","https://www.googleapis.com/auth/cloudplatformprojects.readonly","https://www.googleapis.com/auth/firebase","https://www.googleapis.com/auth/cloud-platform"]
[debug] [2024-02-24T12:46:39.321Z] > authorizing via signed-in user (w8abdullah0002@gmail.com)
[info] 
     ######## #### ########  ######## ########     ###     ######  ########
     ##        ##  ##     ## ##       ##     ##  ##   ##  ##       ##
     ######    ##  ########  ######   ########  #########  ######  ######
     ##        ##  ##    ##  ##       ##     ## ##     ##       ## ##
     ##       #### ##     ## ######## ########  ##     ##  ######  ########

You're about to initialize a Firebase project in this directory:

  D:\Programming Hero\Milestone_11\New folder\assigment_11_final\toys-market-client

[debug] [2024-02-24T12:46:40.098Z] <<< [apiv2][status] GET https://firebase-public.firebaseio.com/cli.json 200
[debug] [2024-02-24T12:46:40.098Z] <<< [apiv2][body] GET https://firebase-public.firebaseio.com/cli.json {"cloudBuildErrorAfter":1594252800000,"cloudBuildWarnAfter":1590019200000,"defaultNode10After":1594252800000,"minVersion":"3.0.5","node8DeploysDisabledAfter":1613390400000,"node8RuntimeDisabledAfter":1615809600000,"node8WarnAfter":1600128000000}
